<?xml version="1.0" encoding="UTF-8"?>
<!-- Generated by org.testng.reporters.JUnitReportReporter -->
<testsuite hostname="LAPTOP-OHBLOT8G" failures="0" tests="6" name="Test.day2" time="0.006" errors="0" timestamp="2021-09-20T19:04:03 EDT" skipped="0">
  <testcase classname="Test.day2" name="WebLoginHomeLogin" time="0.001"/>
  <system-out/>
  <testcase classname="Test.day2" name="APIHomeLoan" time="0.001"/>
  <system-out/>
  <testcase classname="Test.day2" name="HomeLoan" time="0.001"/>
  <system-out/>
  <testcase classname="Test.day2" name="HomeLoan" time="0.001"/>
  <system-out/>
  <testcase classname="Test.day2" name="SigninHomeLoan" time="0.001"/>
  <system-out/>
  <testcase classname="Test.day2" name="HomeLoan" time="0.001"/>
  <system-out/>
</testsuite> <!-- Test.day2 -->
