<?xml version="1.0" encoding="UTF-8"?>
<!-- Generated by org.testng.reporters.JUnitReportReporter -->
<testsuite hostname="LAPTOP-OHBLOT8G" failures="0" tests="3" name="Test.day3" time="0.006" errors="0" timestamp="2021-09-20T19:04:03 EDT" skipped="0">
  <testcase classname="Test.day3" name="LoginAPICarLoan" time="0.002"/>
  <system-out/>
  <testcase classname="Test.day3" name="WebLoginCarLogin" time="0.002"/>
  <system-out/>
  <testcase classname="Test.day3" name="MobileLoginCarLoan" time="0.002"/>
  <system-out/>
</testsuite> <!-- Test.day3 -->
