<?xml version="1.0" encoding="UTF-8"?>
<!-- Generated by org.testng.reporters.JUnitReportReporter -->
<testsuite hostname="LAPTOP-OHBLOT8G" failures="0" tests="1" name="Test.Basics" time="0.005" errors="0" timestamp="2021-09-20T19:04:03 EDT" skipped="0">
  <testcase classname="Test.Basics" name="realMadrid" time="0.005"/>
  <system-out/>
</testsuite> <!-- Test.Basics -->
