<?xml version="1.0" encoding="UTF-8"?>
<!-- Generated by org.testng.reporters.JUnitReportReporter -->
<testsuite hostname="LAPTOP-OHBLOT8G" failures="0" tests="4" name="Test.day1" time="0.009" errors="0" timestamp="2021-09-20T19:04:03 EDT" skipped="0">
  <testcase classname="Test.day1" name="noWay" time="0.002"/>
  <system-out/>
  <testcase classname="Test.day1" name="ok" time="0.002"/>
  <system-out/>
  <testcase classname="Test.day1" name="day1" time="0.002"/>
  <system-out/>
  <testcase classname="Test.day1" name="why" time="0.003"/>
  <system-out/>
</testsuite> <!-- Test.day1 -->
